<?xml version="1.0" encoding="UTF-8"?>
<testsuite xmlns:xsi="http://www.w3.org/2001/XMLSchema-instance" xsi:noNamespaceSchemaLocation="https://maven.apache.org/surefire/maven-surefire-plugin/xsd/surefire-test-report.xsd" name="TestOrder" time="0.005" tests="0" errors="0" skipped="0" failures="0">
  <properties>
    <property name="sun.desktop" value="windows"/>
    <property name="awt.toolkit" value="sun.awt.windows.WToolkit"/>
    <property name="file.encoding.pkg" value="sun.io"/>
    <property name="java.specification.version" value="1.8"/>
    <property name="sun.cpu.isalist" value="amd64"/>
    <property name="sun.jnu.encoding" value="GBK"/>
    <property name="java.class.path" value="D:\gong\gongxc\javaTemplate\mySpringTemplate\target\test-classes;D:\gong\gongxc\javaTemplate\mySpringTemplate\target\classes;D:\maven\my_local_repository\org\mybatis\mybatis\3.1.1\mybatis-3.1.1.jar;D:\maven\my_local_repository\org\mybatis\mybatis-spring\1.2.3\mybatis-spring-1.2.3.jar;D:\maven\my_local_repository\mysql\mysql-connector-java\5.1.39\mysql-connector-java-5.1.39.jar;D:\maven\my_local_repository\org\springframework\spring-webmvc\4.0.0.RELEASE\spring-webmvc-4.0.0.RELEASE.jar;D:\maven\my_local_repository\org\springframework\spring-beans\4.0.0.RELEASE\spring-beans-4.0.0.RELEASE.jar;D:\maven\my_local_repository\org\springframework\spring-context\4.0.0.RELEASE\spring-context-4.0.0.RELEASE.jar;D:\maven\my_local_repository\org\springframework\spring-core\4.0.0.RELEASE\spring-core-4.0.0.RELEASE.jar;D:\maven\my_local_repository\commons-logging\commons-logging\1.1.1\commons-logging-1.1.1.jar;D:\maven\my_local_repository\org\springframework\spring-expression\4.0.0.RELEASE\spring-expression-4.0.0.RELEASE.jar;D:\maven\my_local_repository\org\springframework\spring-web\4.0.0.RELEASE\spring-web-4.0.0.RELEASE.jar;D:\maven\my_local_repository\aopalliance\aopalliance\1.0\aopalliance-1.0.jar;D:\maven\my_local_repository\org\springframework\spring-aop\4.0.0.RELEASE\spring-aop-4.0.0.RELEASE.jar;D:\maven\my_local_repository\org\springframework\spring-test\4.0.0.RELEASE\spring-test-4.0.0.RELEASE.jar;D:\maven\my_local_repository\org\springframework\spring-tx\4.0.0.RELEASE\spring-tx-4.0.0.RELEASE.jar;D:\maven\my_local_repository\org\springframework\spring-jdbc\4.0.0.RELEASE\spring-jdbc-4.0.0.RELEASE.jar;D:\maven\my_local_repository\javax\servlet\jstl\1.2\jstl-1.2.jar;D:\maven\my_local_repository\javax\servlet\servlet-api\2.5\servlet-api-2.5.jar;D:\maven\my_local_repository\taglibs\standard\1.1.2\standard-1.1.2.jar;D:\maven\my_local_repository\log4j\log4j\1.2.16\log4j-1.2.16.jar;D:\maven\my_local_repository\org\junit\jupiter\junit-jupiter-api\5.3.2\junit-jupiter-api-5.3.2.jar;D:\maven\my_local_repository\org\apiguardian\apiguardian-api\1.0.0\apiguardian-api-1.0.0.jar;D:\maven\my_local_repository\org\opentest4j\opentest4j\1.1.1\opentest4j-1.1.1.jar;D:\maven\my_local_repository\org\junit\platform\junit-platform-commons\1.3.2\junit-platform-commons-1.3.2.jar;D:\maven\my_local_repository\org\jacoco\org.jacoco.agent\0.8.5\org.jacoco.agent-0.8.5-runtime.jar;"/>
    <property name="java.vm.vendor" value="Oracle Corporation"/>
    <property name="sun.arch.data.model" value="64"/>
    <property name="user.variant" value=""/>
    <property name="java.vendor.url" value="http://java.oracle.com/"/>
    <property name="user.timezone" value="Asia/Shanghai"/>
    <property name="java.vm.specification.version" value="1.8"/>
    <property name="os.name" value="Windows 10"/>
    <property name="user.country" value="CN"/>
    <property name="sun.java.launcher" value="SUN_STANDARD"/>
    <property name="sun.boot.library.path" value="C:\Program Files (x86)\Java\jdk1.8.0_211\jre\bin"/>
    <property name="sun.java.command" value="C:\Users\admin\AppData\Local\Temp\surefire2976646569082335861\surefirebooter7826858214478944047.jar C:\Users\admin\AppData\Local\Temp\surefire2976646569082335861 2020-04-02T22-25-13_480-jvmRun1 surefire3653450300522629003tmp surefire_04374970103514041739tmp"/>
    <property name="surefire.test.class.path" value="D:\gong\gongxc\javaTemplate\mySpringTemplate\target\test-classes;D:\gong\gongxc\javaTemplate\mySpringTemplate\target\classes;D:\maven\my_local_repository\org\mybatis\mybatis\3.1.1\mybatis-3.1.1.jar;D:\maven\my_local_repository\org\mybatis\mybatis-spring\1.2.3\mybatis-spring-1.2.3.jar;D:\maven\my_local_repository\mysql\mysql-connector-java\5.1.39\mysql-connector-java-5.1.39.jar;D:\maven\my_local_repository\org\springframework\spring-webmvc\4.0.0.RELEASE\spring-webmvc-4.0.0.RELEASE.jar;D:\maven\my_local_repository\org\springframework\spring-beans\4.0.0.RELEASE\spring-beans-4.0.0.RELEASE.jar;D:\maven\my_local_repository\org\springframework\spring-context\4.0.0.RELEASE\spring-context-4.0.0.RELEASE.jar;D:\maven\my_local_repository\org\springframework\spring-core\4.0.0.RELEASE\spring-core-4.0.0.RELEASE.jar;D:\maven\my_local_repository\commons-logging\commons-logging\1.1.1\commons-logging-1.1.1.jar;D:\maven\my_local_repository\org\springframework\spring-expression\4.0.0.RELEASE\spring-expression-4.0.0.RELEASE.jar;D:\maven\my_local_repository\org\springframework\spring-web\4.0.0.RELEASE\spring-web-4.0.0.RELEASE.jar;D:\maven\my_local_repository\aopalliance\aopalliance\1.0\aopalliance-1.0.jar;D:\maven\my_local_repository\org\springframework\spring-aop\4.0.0.RELEASE\spring-aop-4.0.0.RELEASE.jar;D:\maven\my_local_repository\org\springframework\spring-test\4.0.0.RELEASE\spring-test-4.0.0.RELEASE.jar;D:\maven\my_local_repository\org\springframework\spring-tx\4.0.0.RELEASE\spring-tx-4.0.0.RELEASE.jar;D:\maven\my_local_repository\org\springframework\spring-jdbc\4.0.0.RELEASE\spring-jdbc-4.0.0.RELEASE.jar;D:\maven\my_local_repository\javax\servlet\jstl\1.2\jstl-1.2.jar;D:\maven\my_local_repository\javax\servlet\servlet-api\2.5\servlet-api-2.5.jar;D:\maven\my_local_repository\taglibs\standard\1.1.2\standard-1.1.2.jar;D:\maven\my_local_repository\log4j\log4j\1.2.16\log4j-1.2.16.jar;D:\maven\my_local_repository\org\junit\jupiter\junit-jupiter-api\5.3.2\junit-jupiter-api-5.3.2.jar;D:\maven\my_local_repository\org\apiguardian\apiguardian-api\1.0.0\apiguardian-api-1.0.0.jar;D:\maven\my_local_repository\org\opentest4j\opentest4j\1.1.1\opentest4j-1.1.1.jar;D:\maven\my_local_repository\org\junit\platform\junit-platform-commons\1.3.2\junit-platform-commons-1.3.2.jar;D:\maven\my_local_repository\org\jacoco\org.jacoco.agent\0.8.5\org.jacoco.agent-0.8.5-runtime.jar;"/>
    <property name="sun.cpu.endian" value="little"/>
    <property name="user.home" value="C:\Users\admin"/>
    <property name="user.language" value="zh"/>
    <property name="java.specification.vendor" value="Oracle Corporation"/>
    <property name="java.home" value="C:\Program Files (x86)\Java\jdk1.8.0_211\jre"/>
    <property name="basedir" value="D:\gong\gongxc\javaTemplate\mySpringTemplate"/>
    <property name="file.separator" value="\"/>
    <property name="line.separator" value="&#10;"/>
    <property name="java.vm.specification.vendor" value="Oracle Corporation"/>
    <property name="java.specification.name" value="Java Platform API Specification"/>
    <property name="java.awt.graphicsenv" value="sun.awt.Win32GraphicsEnvironment"/>
    <property name="surefire.real.class.path" value="C:\Users\admin\AppData\Local\Temp\surefire2976646569082335861\surefirebooter7826858214478944047.jar"/>
    <property name="sun.boot.class.path" value="C:\Program Files (x86)\Java\jdk1.8.0_211\jre\lib\resources.jar;C:\Program Files (x86)\Java\jdk1.8.0_211\jre\lib\rt.jar;C:\Program Files (x86)\Java\jdk1.8.0_211\jre\lib\sunrsasign.jar;C:\Program Files (x86)\Java\jdk1.8.0_211\jre\lib\jsse.jar;C:\Program Files (x86)\Java\jdk1.8.0_211\jre\lib\jce.jar;C:\Program Files (x86)\Java\jdk1.8.0_211\jre\lib\charsets.jar;C:\Program Files (x86)\Java\jdk1.8.0_211\jre\lib\jfr.jar;C:\Program Files (x86)\Java\jdk1.8.0_211\jre\classes"/>
    <property name="user.script" value=""/>
    <property name="sun.management.compiler" value="HotSpot 64-Bit Tiered Compilers"/>
    <property name="java.runtime.version" value="1.8.0_65-b17"/>
    <property name="user.name" value="admin"/>
    <property name="path.separator" value=";"/>
    <property name="os.version" value="10.0"/>
    <property name="java.endorsed.dirs" value="C:\Program Files (x86)\Java\jdk1.8.0_211\jre\lib\endorsed"/>
    <property name="java.runtime.name" value="Java(TM) SE Runtime Environment"/>
    <property name="file.encoding" value="GBK"/>
    <property name="java.vm.name" value="Java HotSpot(TM) 64-Bit Server VM"/>
    <property name="localRepository" value="D:\maven\my_local_repository"/>
    <property name="java.vendor.url.bug" value="http://bugreport.sun.com/bugreport/"/>
    <property name="java.io.tmpdir" value="C:\Users\admin\AppData\Local\Temp\"/>
    <property name="java.version" value="1.8.0_65"/>
    <property name="user.dir" value="D:\gong\gongxc\javaTemplate\mySpringTemplate"/>
    <property name="os.arch" value="amd64"/>
    <property name="java.vm.specification.name" value="Java Virtual Machine Specification"/>
    <property name="java.awt.printerjob" value="sun.awt.windows.WPrinterJob"/>
    <property name="sun.os.patch.level" value=""/>
    <property name="java.library.path" value="C:\Program Files (x86)\Java\jdk1.8.0_211\jre\bin;C:\WINDOWS\Sun\Java\bin;C:\WINDOWS\system32;C:\WINDOWS;C:\Program Files (x86)\NetSarang\Xshell 6\;C:\Windows\system32;C:\Windows;C:\Windows\System32\Wbem;C:\Windows\System32\WindowsPowerShell\v1.0\;C:\Program Files (x86)\NVIDIA Corporation\PhysX\Common;C:\Program Files\TortoiseSVN\bin;C:\Program Files (x86)\Java\jdk1.8.0_211\bin;D:\using\Google\Chrome Dev\Application;C:\Program Files\Mozilla Firefox;C:\Program Files (x86)\Internet Explorer;D:\maven\apache-maven-3.5.0\bin;C:\Program Files\Intel\WiFi\bin\;C:\Program Files\Common Files\Intel\WirelessCommon\;C:\windows\System32\Wbem;C:\WINDOWS\system32;C:\WINDOWS;C:\WINDOWS\System32\Wbem;C:\WINDOWS\System32\WindowsPowerShell\v1.0\;C:\WINDOWS\System32\OpenSSH\;D:\android\adt-bundle-windows-x64\adt-bundle-windows-x86_64-20140702\sdk\platform-tools;D:\android\adt-bundle-windows-x64\adt-bundle-windows-x86_64-20140702\sdk\tools;D:\appcrawler;C:\Program Files\nodejs\;C:\Program Files (x86)\Java\jdk1.8.0_211\jre\bin;C:\python37\Scripts;C:\python37;D:\New Folder\bin;C:\Users\admin\scoop\apps\allure\2.12.1\bin;D:\android\adt-bundle-windows-x64\adt-bundle-windows-x86_64-20140702\sdk\tools\bin;D:\jmeter\apache-jmeter-5.1.1\bin;D:\using\Google\Chrome Dev\Application\chromedriver.exe;C:\Program Files (x86)\Common Files\Oracle\Java\javapath;C:\ProgramData\Oracle\Java\javapath;D:\android\adt-bundle-windows-x64\adt-bundle-windows-x86_64-20140702\sdk\tools\monitor.bat;D:\using\scrcpy-win64-v1.10;D:\using\ffmpeg\bin;C:\Program Files\Git\bin;C:\Program Files\OpenVPN\bin;D:\sonar\sonar-scanner-4.2.0.1873-windows\bin;C:\Users\admin\scoop\shims;C:\Users\admin\AppData\Local\Microsoft\WindowsApps;C:\Program Files\Intel\WiFi\bin\;C:\Program Files\Common Files\Intel\WirelessCommon\;C:\Users\admin\AppData\Local\GitHubDesktop\bin;C:\Users\admin\Desktop\鍥轰欢鍗囩骇宸ュ叿PhoenixSuitV1.1\;C:\Users\admin\AppData\Roaming\npm;C:\Users\admin\AppData\Local\Programs\Fiddler;C:\Users\admin\AppData\Local\Microsoft\WindowsApps;C:\Users\admin\AppData\Local\atom\bin;."/>
    <property name="java.vm.info" value="mixed mode"/>
    <property name="java.vendor" value="Oracle Corporation"/>
    <property name="java.vm.version" value="25.65-b01"/>
    <property name="java.ext.dirs" value="C:\Program Files (x86)\Java\jdk1.8.0_211\jre\lib\ext;C:\WINDOWS\Sun\Java\lib\ext"/>
    <property name="sun.io.unicode.encoding" value="UnicodeLittle"/>
    <property name="java.class.version" value="52.0"/>
    <property name="jacoco-agent.destfile" value="target/jacoco.exec"/>
  </properties>
</testsuite>